<?xml version="1.0" encoding="UTF-8"?>
<!-- Generated by org.testng.reporters.JUnitReportReporter -->
<testsuite skipped="10" hostname="DESKTOP-BGMB1MA" name="com.ubsdemo.testcases.HomePageTest" tests="12" failures="1" timestamp="2021-12-06T09:58:59 IST" time="48.746" errors="0">
  <testcase name="tutorialsButtonTest" time="12.022" classname="com.ubsdemo.testcases.HomePageTest">
    <failure type="java.lang.AssertionError">
      <![CDATA[java.lang.AssertionError
at org.junit.Assert.fail(Assert.java:86)
at org.junit.Assert.assertTrue(Assert.java:41)
at org.junit.Assert.assertTrue(Assert.java:52)
at com.ubsdemo.testcases.HomePageTest.tutorialsButtonTest(HomePageTest.java:46)
at sun.reflect.NativeMethodAccessorImpl.invoke0(Native Method)
at sun.reflect.NativeMethodAccessorImpl.invoke(Unknown Source)
at sun.reflect.DelegatingMethodAccessorImpl.invoke(Unknown Source)
at java.lang.reflect.Method.invoke(Unknown Source)
at org.testng.internal.MethodInvocationHelper.invokeMethod(MethodInvocationHelper.java:132)
at org.testng.internal.TestInvoker.invokeMethod(TestInvoker.java:599)
at org.testng.internal.TestInvoker.invokeTestMethod(TestInvoker.java:174)
at org.testng.internal.MethodRunner.runInSequence(MethodRunner.java:46)
at org.testng.internal.TestInvoker$MethodInvocationAgent.invoke(TestInvoker.java:822)
at org.testng.internal.TestInvoker.invokeTestMethods(TestInvoker.java:147)
at org.testng.internal.TestMethodWorker.invokeTestMethods(TestMethodWorker.java:146)
at org.testng.internal.TestMethodWorker.run(TestMethodWorker.java:128)
at java.util.ArrayList.forEach(Unknown Source)
at org.testng.TestRunner.privateRun(TestRunner.java:764)
at org.testng.TestRunner.run(TestRunner.java:585)
at org.testng.SuiteRunner.runTest(SuiteRunner.java:384)
at org.testng.SuiteRunner.runSequentially(SuiteRunner.java:378)
at org.testng.SuiteRunner.privateRun(SuiteRunner.java:337)
at org.testng.SuiteRunner.run(SuiteRunner.java:286)
at org.testng.SuiteRunnerWorker.runSuite(SuiteRunnerWorker.java:53)
at org.testng.SuiteRunnerWorker.run(SuiteRunnerWorker.java:96)
at org.testng.TestNG.runSuitesSequentially(TestNG.java:1218)
at org.testng.TestNG.runSuitesLocally(TestNG.java:1140)
at org.testng.TestNG.runSuites(TestNG.java:1069)
at org.testng.TestNG.run(TestNG.java:1037)
at org.testng.remote.AbstractRemoteTestNG.run(AbstractRemoteTestNG.java:115)
at org.testng.remote.RemoteTestNG.initAndRun(RemoteTestNG.java:251)
at org.testng.remote.RemoteTestNG.main(RemoteTestNG.java:77)
]]>
    </failure>
  </testcase> <!-- tutorialsButtonTest -->
  <system-out/>
  <testcase name="homeButtonTest" time="36.724" classname="com.ubsdemo.testcases.HomePageTest"/>
  <system-out/>
  <testcase name="browserTabTest" classname="com.ubsdemo.testcases.HomePageTest">
    <skipped/>
  </testcase> <!-- browserTabTest -->
  <system-out/>
  <testcase name="messageWindowTest" classname="com.ubsdemo.testcases.HomePageTest">
    <skipped/>
  </testcase> <!-- messageWindowTest -->
  <system-out/>
  <testcase name="getAllFrame" classname="com.ubsdemo.testcases.HomePageTest">
    <skipped/>
  </testcase> <!-- getAllFrame -->
  <system-out/>
  <testcase name="alertTest" classname="com.ubsdemo.testcases.HomePageTest">
    <skipped/>
  </testcase> <!-- alertTest -->
  <system-out/>
  <testcase name="dragAndDropTestWithHoldTest" classname="com.ubsdemo.testcases.HomePageTest">
    <skipped/>
  </testcase> <!-- dragAndDropTestWithHoldTest -->
  <system-out/>
  <testcase name="getWebTable" classname="com.ubsdemo.testcases.HomePageTest">
    <skipped/>
  </testcase> <!-- getWebTable -->
  <system-out/>
  <testcase name="browserWindowTest" classname="com.ubsdemo.testcases.HomePageTest">
    <skipped/>
  </testcase> <!-- browserWindowTest -->
  <system-out/>
  <testcase name="readExcelData" classname="com.ubsdemo.testcases.HomePageTest">
    <skipped/>
  </testcase> <!-- readExcelData -->
  <system-out/>
  <testcase name="getAllLinks" classname="com.ubsdemo.testcases.HomePageTest">
    <skipped/>
  </testcase> <!-- getAllLinks -->
  <system-out/>
  <testcase name="dragAndDropTest" classname="com.ubsdemo.testcases.HomePageTest">
    <skipped/>
  </testcase> <!-- dragAndDropTest -->
  <system-out/>
</testsuite> <!-- com.ubsdemo.testcases.HomePageTest -->
